Using pre-set license

 COMMAND LINE ARGUMENTS:
/Applications/Unity/Hub/Editor/2020.3.13f1/Unity.app/Contents/MacOS/Unity
-adb2
-batchMode
-noUpm
-name
AssetImportWorker0
-projectPath
/Users/teddy/kart game
-logFile
Logs/AssetImportWorker0.log
-srvPort
51898
Successfully changed project path to: /Users/teddy/kart game
/Users/teddy/kart game
Using Asset Import Pipeline V2.
Refreshing native plugins compatible for Editor in 29.72 ms, found 2 plugins.
Preloading 0 native plugins for Editor in 0.00 ms.
Initialize engine version: 2020.3.13f1 (71691879b7f5)
[Subsystems] Discovering subsystems at path /Applications/Unity/Hub/Editor/2020.3.13f1/Unity.app/Contents/Resources/UnitySubsystems
[Subsystems] Discovering subsystems at path /Users/teddy/kart game/Assets
GfxDevice: creating device client; threaded=0
2021-07-02 14:45:29.338 Unity[7578:1649859] LG HDR QHD preferred device: Intel(R) Iris(TM) Plus Graphics (low power)
2021-07-02 14:45:29.338 Unity[7578:1649859] Metal devices available: 1
2021-07-02 14:45:29.338 Unity[7578:1649859] 0: Intel(R) Iris(TM) Plus Graphics (low power)
2021-07-02 14:45:29.339 Unity[7578:1649859] Using device Intel(R) Iris(TM) Plus Graphics (low power)
Initializing Metal device caps: Intel(R) Iris(TM) Plus Graphics
Initialize mono
Mono path[0] = '/Applications/Unity/Hub/Editor/2020.3.13f1/Unity.app/Contents/Managed'
Mono path[1] = '/Applications/Unity/Hub/Editor/2020.3.13f1/Unity.app/Contents/MonoBleedingEdge/lib/mono/unityjit'
Mono config path = '/Applications/Unity/Hub/Editor/2020.3.13f1/Unity.app/Contents/MonoBleedingEdge/etc'
Using monoOptions --debugger-agent=transport=dt_socket,embedding=1,server=y,suspend=n,address=127.0.0.1:56578
Begin MonoManager ReloadAssembly
Registering precompiled unity dll's ...
Register platform support module: /Applications/Unity/Hub/Editor/2020.3.13f1/PlaybackEngines/WebGLSupport/UnityEditor.WebGL.Extensions.dll
Register platform support module: /Applications/Unity/Hub/Editor/2020.3.13f1/Unity.app/Contents/PlaybackEngines/MacStandaloneSupport/UnityEditor.OSXStandalone.Extensions.dll
Registered in 0.000763 seconds.
Native extension for OSXStandalone target not found
Native extension for WebGL target not found
Refreshing native plugins compatible for Editor in 26.96 ms, found 2 plugins.
Preloading 0 native plugins for Editor in 0.00 ms.
Mono: successfully reloaded assembly
- Completed reload, in  1.754 seconds
Platform modules already initialized, skipping
Registering precompiled user dll's ...
Registered in 0.001613 seconds.
Begin MonoManager ReloadAssembly
Native extension for OSXStandalone target not found
Native extension for WebGL target not found
Refreshing native plugins compatible for Editor in 0.27 ms, found 2 plugins.
Preloading 0 native plugins for Editor in 0.00 ms.
Mono: successfully reloaded assembly
- Completed reload, in  1.223 seconds
Platform modules already initialized, skipping
========================================================================
Worker process is ready to serve import requests
Launching external process: /Applications/Unity/Hub/Editor/2020.3.13f1/Unity.app/Contents/Tools/UnityShaderCompiler
Launched and connected shader compiler UnityShaderCompiler after 0.01 seconds
Refreshing native plugins compatible for Editor in 0.26 ms, found 2 plugins.
Preloading 0 native plugins for Editor in 0.00 ms.
Unloading 1390 Unused Serialized files (Serialized files now loaded: 0)
System memory in use before: 135.8 MB.
System memory in use after: 135.9 MB.

Unloading 19 unused Assets to reduce memory usage. Loaded Objects now: 1823.
Total: 1.645630 ms (FindLiveObjects: 0.127427 ms CreateObjectMapping: 0.037215 ms MarkObjects: 1.392964 ms  DeleteObjects: 0.086991 ms)

AssetImportParameters requested are different than current active one (requested -> active):
  custom:video-decoder-ogg-theora: a1e56fd34408186e4bbccfd4996cb3dc -> 
  custom:container-muxer-webm: aa71ff27fc2769a1b78a27578f13a17b -> 
  custom:container-demuxer-webm: 4f35f7cbe854078d1ac9338744f61a02 -> 
  custom:container-demuxer-ogg: 62fdf1f143b41e24485cea50d1cbac27 -> 
  custom:video-encoder-webm-vp8: eb34c28f22e8b96e1ab97ce403110664 -> 
  custom:framework-osx-AVFoundation: e770b220cccbd017edd2c1fefb359320 -> 
  custom:video-decoder-webm-vp8: 9c59270c3fd7afecdb556c50c9e8de78 -> 
  custom:audio-decoder-ogg-vorbis: bf7c407c2cedff20999df2af8eb42d56 -> 
  custom:audio-encoder-webm-vorbis: bf7c407c2cedff20999df2af8eb42d56 -> 
========================================================================
Received Import Request.
  path: Assets/Animations
  artifactKey: Guid(210a20a91df95f34a96e8722d5c67635) Importer(815301076,1909f56bfc062723c751e8b465ee728b)
Start importing Assets/Animations using Guid(210a20a91df95f34a96e8722d5c67635) Importer(815301076,1909f56bfc062723c751e8b465ee728b)  -> (artifact id: 'e31eff069058cb13ed2013e073192a46') in 0.003391 seconds 
  Import took 0.006424 seconds .

========================================================================
Received Import Request.
  Time since last request: 0.000469 seconds.
  path: Assets/Materials
  artifactKey: Guid(4f67a0c0f98414a40b6b2869af91e0f3) Importer(815301076,1909f56bfc062723c751e8b465ee728b)
Start importing Assets/Materials using Guid(4f67a0c0f98414a40b6b2869af91e0f3) Importer(815301076,1909f56bfc062723c751e8b465ee728b)  -> (artifact id: '8f40b97595b6fa227c4f9da1876911a6') in 0.001000 seconds 
  Import took 0.004208 seconds .

========================================================================
Received Import Request.
  Time since last request: 0.000248 seconds.
  path: Assets/Scenes
  artifactKey: Guid(34cb982a864f6447383e9d5ffe7015f0) Importer(815301076,1909f56bfc062723c751e8b465ee728b)
Start importing Assets/Scenes using Guid(34cb982a864f6447383e9d5ffe7015f0) Importer(815301076,1909f56bfc062723c751e8b465ee728b)  -> (artifact id: '43bf7afc12d5894281ca610d0bc5c280') in 0.001279 seconds 
  Import took 0.004791 seconds .

========================================================================
Received Import Request.
  Time since last request: 0.000298 seconds.
  path: Assets/Scenes/SampleScene.unity
  artifactKey: Guid(9fc0d4010bbf28b4594072e72b8655ab) Importer(815301076,1909f56bfc062723c751e8b465ee728b)
Start importing Assets/Scenes/SampleScene.unity using Guid(9fc0d4010bbf28b4594072e72b8655ab) Importer(815301076,1909f56bfc062723c751e8b465ee728b)  -> (artifact id: '0600ca859120d64c28b7f41768fbc095') in 0.012480 seconds 
  Import took 0.016080 seconds .

========================================================================
Received Import Request.
  Time since last request: 16.636101 seconds.
  path: Assets/Models/CarA.fbx
  artifactKey: Guid(747a32b0f7b57444581dde7262bd2d3f) Importer(815301076,1909f56bfc062723c751e8b465ee728b)
Start importing Assets/Models/CarA.fbx using Guid(747a32b0f7b57444581dde7262bd2d3f) Importer(815301076,1909f56bfc062723c751e8b465ee728b)  -> (artifact id: '79651398050f335a78fe703cd830d414') in 1.594350 seconds 
  Import took 1.598692 seconds .

========================================================================
Received Import Request.
  Time since last request: 0.000294 seconds.
  path: Assets/Models/CarD.fbx
  artifactKey: Guid(7b6cba418b2e9574faf307d9208b441a) Importer(815301076,1909f56bfc062723c751e8b465ee728b)
Start importing Assets/Models/CarD.fbx using Guid(7b6cba418b2e9574faf307d9208b441a) Importer(815301076,1909f56bfc062723c751e8b465ee728b)  -> (artifact id: '73b064359ae407739ba872e89e5c609a') in 0.028690 seconds 
  Import took 0.031716 seconds .

========================================================================
Received Import Request.
  Time since last request: 0.000266 seconds.
  path: Assets/Models/CarB.fbx
  artifactKey: Guid(8e0af1aaa637b9845935ec1cd925945f) Importer(815301076,1909f56bfc062723c751e8b465ee728b)
Start importing Assets/Models/CarB.fbx using Guid(8e0af1aaa637b9845935ec1cd925945f) Importer(815301076,1909f56bfc062723c751e8b465ee728b)  -> (artifact id: '2f01a9f47634ac168a77bee2f62c2dc6') in 0.031334 seconds 
  Import took 0.034793 seconds .

========================================================================
Received Import Request.
  Time since last request: 0.000258 seconds.
  path: Assets/Models/CarE.fbx
  artifactKey: Guid(38863ece7bbe73f4ea11660405e5d4ad) Importer(815301076,1909f56bfc062723c751e8b465ee728b)
Start importing Assets/Models/CarE.fbx using Guid(38863ece7bbe73f4ea11660405e5d4ad) Importer(815301076,1909f56bfc062723c751e8b465ee728b)  -> (artifact id: 'cf939ccfb1998b6e9552ba43379a69e0') in 0.028057 seconds 
  Import took 0.031495 seconds .

========================================================================
Received Import Request.
  Time since last request: 0.000287 seconds.
  path: Assets/Models/CarC.fbx
  artifactKey: Guid(e3fc89ccff2ef5845bc5e268896780b4) Importer(815301076,1909f56bfc062723c751e8b465ee728b)
Start importing Assets/Models/CarC.fbx using Guid(e3fc89ccff2ef5845bc5e268896780b4) Importer(815301076,1909f56bfc062723c751e8b465ee728b)  -> (artifact id: '7c0cfaa6a9381e6e3ca460d28d1faf30') in 0.029639 seconds 
  Import took 0.032848 seconds .

========================================================================
Received Import Request.
  Time since last request: 0.000240 seconds.
  path: Assets/Models/Stage.fbx
  artifactKey: Guid(df50c6b6ba3939140bed5f15867f086f) Importer(815301076,1909f56bfc062723c751e8b465ee728b)
Start importing Assets/Models/Stage.fbx using Guid(df50c6b6ba3939140bed5f15867f086f) Importer(815301076,1909f56bfc062723c751e8b465ee728b)  -> (artifact id: '7f73cab677ab956bf31c658bac5b874b') in 0.561437 seconds 
  Import took 0.566655 seconds .

========================================================================
Received Import Request.
  Time since last request: 52.479342 seconds.
  path: Assets/Materials/BaseMat.mat
  artifactKey: Guid(ea47f5e037708194ab3b33f4fc0709f0) Importer(815301076,1909f56bfc062723c751e8b465ee728b)
Start importing Assets/Materials/BaseMat.mat using Guid(ea47f5e037708194ab3b33f4fc0709f0) Importer(815301076,1909f56bfc062723c751e8b465ee728b)  -> (artifact id: '5630f8fc0aa20470b1e2dc92319f1f47') in 0.577007 seconds 
  Import took 0.581221 seconds .

========================================================================
Received Import Request.
  Time since last request: 0.000316 seconds.
  path: Assets/Materials/ColorP.png
  artifactKey: Guid(ec5e624980e57154e8e28729c7043c14) Importer(815301076,1909f56bfc062723c751e8b465ee728b)
Start importing Assets/Materials/ColorP.png using Guid(ec5e624980e57154e8e28729c7043c14) Importer(815301076,1909f56bfc062723c751e8b465ee728b)  -> (artifact id: '4fc17955e5e39ee5957e847076fae2cf') in 1.125336 seconds 
  Import took 1.127495 seconds .

========================================================================
Received Import Request.
  Time since last request: 360.277211 seconds.
  path: Assets/Sprites/CircleA.png
  artifactKey: Guid(6b2e76198ea9bbc4eb040404dc31e60f) Importer(815301076,1909f56bfc062723c751e8b465ee728b)
Start importing Assets/Sprites/CircleA.png using Guid(6b2e76198ea9bbc4eb040404dc31e60f) Importer(815301076,1909f56bfc062723c751e8b465ee728b)  -> (artifact id: '0219a56834a3c7e7af83e144503ce395') in 0.057286 seconds 
  Import took 0.063539 seconds .

========================================================================
Received Import Request.
  Time since last request: 0.000282 seconds.
  path: Assets/Sprites/CircleB.png
  artifactKey: Guid(74c6a5a0c83b73141af4e1f4da0e3e89) Importer(815301076,1909f56bfc062723c751e8b465ee728b)
Start importing Assets/Sprites/CircleB.png using Guid(74c6a5a0c83b73141af4e1f4da0e3e89) Importer(815301076,1909f56bfc062723c751e8b465ee728b)  -> (artifact id: '80213d5ac4f83d22445a832392343413') in 0.015464 seconds 
  Import took 0.019041 seconds .

========================================================================
Received Import Request.
  Time since last request: 700.789147 seconds.
  path: Assets/car.cs
  artifactKey: Guid(ab39138bb50b740f4b42cafb6440ec6f) Importer(815301076,1909f56bfc062723c751e8b465ee728b)
Start importing Assets/car.cs using Guid(ab39138bb50b740f4b42cafb6440ec6f) Importer(815301076,1909f56bfc062723c751e8b465ee728b)  -> (artifact id: '989870f897da5f3a8a1dc2169fcea791') in 0.380974 seconds 
  Import took 0.383636 seconds .

========================================================================
Received Prepare
Registering precompiled user dll's ...
Registered in 0.004548 seconds.
Begin MonoManager ReloadAssembly
Native extension for OSXStandalone target not found
Native extension for WebGL target not found
Refreshing native plugins compatible for Editor in 0.33 ms, found 2 plugins.
Preloading 0 native plugins for Editor in 0.00 ms.
Mono: successfully reloaded assembly
- Completed reload, in  1.384 seconds
Platform modules already initialized, skipping
Refreshing native plugins compatible for Editor in 0.42 ms, found 2 plugins.
Preloading 0 native plugins for Editor in 0.00 ms.
Unloading 1386 Unused Serialized files (Serialized files now loaded: 0)
System memory in use before: 172.9 MB.
System memory in use after: 173.0 MB.

Unloading 15 unused Assets to reduce memory usage. Loaded Objects now: 1875.
Total: 2.419430 ms (FindLiveObjects: 0.278365 ms CreateObjectMapping: 0.052984 ms MarkObjects: 1.983999 ms  DeleteObjects: 0.101404 ms)

AssetImportParameters requested are different than current active one (requested -> active):
  custom:video-decoder-ogg-theora: a1e56fd34408186e4bbccfd4996cb3dc -> 
  custom:container-muxer-webm: aa71ff27fc2769a1b78a27578f13a17b -> 
  custom:container-demuxer-webm: 4f35f7cbe854078d1ac9338744f61a02 -> 
  custom:container-demuxer-ogg: 62fdf1f143b41e24485cea50d1cbac27 -> 
  custom:video-encoder-webm-vp8: eb34c28f22e8b96e1ab97ce403110664 -> 
  custom:framework-osx-AVFoundation: e770b220cccbd017edd2c1fefb359320 -> 
  custom:video-decoder-webm-vp8: 9c59270c3fd7afecdb556c50c9e8de78 -> 
  custom:audio-decoder-ogg-vorbis: bf7c407c2cedff20999df2af8eb42d56 -> 
  custom:audio-encoder-webm-vorbis: bf7c407c2cedff20999df2af8eb42d56 -> 
========================================================================
Received Prepare
Registering precompiled user dll's ...
Registered in 0.005288 seconds.
Begin MonoManager ReloadAssembly
Native extension for OSXStandalone target not found
Native extension for WebGL target not found
Refreshing native plugins compatible for Editor in 0.28 ms, found 2 plugins.
Preloading 0 native plugins for Editor in 0.00 ms.
Mono: successfully reloaded assembly
- Completed reload, in  1.133 seconds
Platform modules already initialized, skipping
Refreshing native plugins compatible for Editor in 0.27 ms, found 2 plugins.
Preloading 0 native plugins for Editor in 0.00 ms.
Unloading 1386 Unused Serialized files (Serialized files now loaded: 0)
System memory in use before: 173.1 MB.
System memory in use after: 173.2 MB.

Unloading 14 unused Assets to reduce memory usage. Loaded Objects now: 1878.
Total: 1.578166 ms (FindLiveObjects: 0.134404 ms CreateObjectMapping: 0.037114 ms MarkObjects: 1.354994 ms  DeleteObjects: 0.050591 ms)

AssetImportParameters requested are different than current active one (requested -> active):
  custom:video-decoder-ogg-theora: a1e56fd34408186e4bbccfd4996cb3dc -> 
  custom:container-muxer-webm: aa71ff27fc2769a1b78a27578f13a17b -> 
  custom:container-demuxer-webm: 4f35f7cbe854078d1ac9338744f61a02 -> 
  custom:container-demuxer-ogg: 62fdf1f143b41e24485cea50d1cbac27 -> 
  custom:video-encoder-webm-vp8: eb34c28f22e8b96e1ab97ce403110664 -> 
  custom:framework-osx-AVFoundation: e770b220cccbd017edd2c1fefb359320 -> 
  custom:video-decoder-webm-vp8: 9c59270c3fd7afecdb556c50c9e8de78 -> 
  custom:audio-decoder-ogg-vorbis: bf7c407c2cedff20999df2af8eb42d56 -> 
  custom:audio-encoder-webm-vorbis: bf7c407c2cedff20999df2af8eb42d56 -> 
========================================================================
Received Import Request.
  Time since last request: 470.763595 seconds.
  path: Assets/car.cs
  artifactKey: Guid(ab39138bb50b740f4b42cafb6440ec6f) Importer(815301076,1909f56bfc062723c751e8b465ee728b)
Start importing Assets/car.cs using Guid(ab39138bb50b740f4b42cafb6440ec6f) Importer(815301076,1909f56bfc062723c751e8b465ee728b)  -> (artifact id: '460014a5a322a8fcb137f09c44130a54') in 0.004674 seconds 
  Import took 0.007974 seconds .

========================================================================
Received Import Request.
  Time since last request: 0.000810 seconds.
  path: Assets/car.cs
  artifactKey: Guid(ab39138bb50b740f4b42cafb6440ec6f) Importer(815301076,1909f56bfc062723c751e8b465ee728b)
Start importing Assets/car.cs using Guid(ab39138bb50b740f4b42cafb6440ec6f) Importer(815301076,1909f56bfc062723c751e8b465ee728b)  -> (artifact id: '460014a5a322a8fcb137f09c44130a54') in 0.001557 seconds 
  Import took 0.003856 seconds .

========================================================================
Received Prepare
Registering precompiled user dll's ...
Registered in 0.001477 seconds.
Begin MonoManager ReloadAssembly
Native extension for OSXStandalone target not found
Native extension for WebGL target not found
Refreshing native plugins compatible for Editor in 0.28 ms, found 2 plugins.
Preloading 0 native plugins for Editor in 0.00 ms.
Mono: successfully reloaded assembly
- Completed reload, in  1.127 seconds
Platform modules already initialized, skipping
Refreshing native plugins compatible for Editor in 0.62 ms, found 2 plugins.
Preloading 0 native plugins for Editor in 0.00 ms.
Unloading 1386 Unused Serialized files (Serialized files now loaded: 0)
System memory in use before: 173.3 MB.
System memory in use after: 173.4 MB.

Unloading 14 unused Assets to reduce memory usage. Loaded Objects now: 1881.
Total: 1.763898 ms (FindLiveObjects: 0.191594 ms CreateObjectMapping: 0.040015 ms MarkObjects: 1.442402 ms  DeleteObjects: 0.088473 ms)

AssetImportParameters requested are different than current active one (requested -> active):
  custom:video-decoder-ogg-theora: a1e56fd34408186e4bbccfd4996cb3dc -> 
  custom:container-muxer-webm: aa71ff27fc2769a1b78a27578f13a17b -> 
  custom:container-demuxer-webm: 4f35f7cbe854078d1ac9338744f61a02 -> 
  custom:container-demuxer-ogg: 62fdf1f143b41e24485cea50d1cbac27 -> 
  custom:video-encoder-webm-vp8: eb34c28f22e8b96e1ab97ce403110664 -> 
  custom:framework-osx-AVFoundation: e770b220cccbd017edd2c1fefb359320 -> 
  custom:video-decoder-webm-vp8: 9c59270c3fd7afecdb556c50c9e8de78 -> 
  custom:audio-decoder-ogg-vorbis: bf7c407c2cedff20999df2af8eb42d56 -> 
  custom:audio-encoder-webm-vorbis: bf7c407c2cedff20999df2af8eb42d56 -> 
========================================================================
Received Prepare
Registering precompiled user dll's ...
Registered in 0.004814 seconds.
Begin MonoManager ReloadAssembly
Native extension for OSXStandalone target not found
Native extension for WebGL target not found
Refreshing native plugins compatible for Editor in 0.30 ms, found 2 plugins.
Preloading 0 native plugins for Editor in 0.00 ms.
Mono: successfully reloaded assembly
- Completed reload, in  1.189 seconds
Platform modules already initialized, skipping
Refreshing native plugins compatible for Editor in 0.31 ms, found 2 plugins.
Preloading 0 native plugins for Editor in 0.00 ms.
Unloading 1386 Unused Serialized files (Serialized files now loaded: 0)
System memory in use before: 173.5 MB.
System memory in use after: 173.6 MB.

Unloading 14 unused Assets to reduce memory usage. Loaded Objects now: 1884.
Total: 1.683815 ms (FindLiveObjects: 0.160978 ms CreateObjectMapping: 0.037108 ms MarkObjects: 1.398960 ms  DeleteObjects: 0.085721 ms)

AssetImportParameters requested are different than current active one (requested -> active):
  custom:video-decoder-ogg-theora: a1e56fd34408186e4bbccfd4996cb3dc -> 
  custom:container-muxer-webm: aa71ff27fc2769a1b78a27578f13a17b -> 
  custom:container-demuxer-webm: 4f35f7cbe854078d1ac9338744f61a02 -> 
  custom:container-demuxer-ogg: 62fdf1f143b41e24485cea50d1cbac27 -> 
  custom:video-encoder-webm-vp8: eb34c28f22e8b96e1ab97ce403110664 -> 
  custom:framework-osx-AVFoundation: e770b220cccbd017edd2c1fefb359320 -> 
  custom:video-decoder-webm-vp8: 9c59270c3fd7afecdb556c50c9e8de78 -> 
  custom:audio-decoder-ogg-vorbis: bf7c407c2cedff20999df2af8eb42d56 -> 
  custom:audio-encoder-webm-vorbis: bf7c407c2cedff20999df2af8eb42d56 -> 
========================================================================
Received Import Request.
  Time since last request: 224.018977 seconds.
  path: Assets/car.cs
  artifactKey: Guid(ab39138bb50b740f4b42cafb6440ec6f) Importer(815301076,1909f56bfc062723c751e8b465ee728b)
Start importing Assets/car.cs using Guid(ab39138bb50b740f4b42cafb6440ec6f) Importer(815301076,1909f56bfc062723c751e8b465ee728b)  -> (artifact id: '86d95313a326b716d89ce855990dd25d') in 0.004460 seconds 
  Import took 0.007701 seconds .

========================================================================
Received Prepare
Registering precompiled user dll's ...
Registered in 0.005154 seconds.
Begin MonoManager ReloadAssembly
Native extension for OSXStandalone target not found
Native extension for WebGL target not found
Refreshing native plugins compatible for Editor in 0.38 ms, found 2 plugins.
Preloading 0 native plugins for Editor in 0.00 ms.
Mono: successfully reloaded assembly
- Completed reload, in  1.203 seconds
Platform modules already initialized, skipping
Refreshing native plugins compatible for Editor in 0.40 ms, found 2 plugins.
Preloading 0 native plugins for Editor in 0.00 ms.
Unloading 1386 Unused Serialized files (Serialized files now loaded: 0)
System memory in use before: 173.7 MB.
System memory in use after: 173.8 MB.

Unloading 14 unused Assets to reduce memory usage. Loaded Objects now: 1887.
Total: 2.105534 ms (FindLiveObjects: 0.203904 ms CreateObjectMapping: 0.072726 ms MarkObjects: 1.768506 ms  DeleteObjects: 0.059022 ms)

AssetImportParameters requested are different than current active one (requested -> active):
  custom:video-decoder-ogg-theora: a1e56fd34408186e4bbccfd4996cb3dc -> 
  custom:container-muxer-webm: aa71ff27fc2769a1b78a27578f13a17b -> 
  custom:container-demuxer-webm: 4f35f7cbe854078d1ac9338744f61a02 -> 
  custom:container-demuxer-ogg: 62fdf1f143b41e24485cea50d1cbac27 -> 
  custom:video-encoder-webm-vp8: eb34c28f22e8b96e1ab97ce403110664 -> 
  custom:framework-osx-AVFoundation: e770b220cccbd017edd2c1fefb359320 -> 
  custom:video-decoder-webm-vp8: 9c59270c3fd7afecdb556c50c9e8de78 -> 
  custom:audio-decoder-ogg-vorbis: bf7c407c2cedff20999df2af8eb42d56 -> 
  custom:audio-encoder-webm-vorbis: bf7c407c2cedff20999df2af8eb42d56 -> 
========================================================================
Received Import Request.
  Time since last request: 441.944189 seconds.
  path: Assets/car.cs
  artifactKey: Guid(ab39138bb50b740f4b42cafb6440ec6f) Importer(815301076,1909f56bfc062723c751e8b465ee728b)
Start importing Assets/car.cs using Guid(ab39138bb50b740f4b42cafb6440ec6f) Importer(815301076,1909f56bfc062723c751e8b465ee728b)  -> (artifact id: 'afe1290816c496da8e535af2a49dfb76') in 0.005040 seconds 
  Import took 0.008453 seconds .

========================================================================
Received Prepare
Registering precompiled user dll's ...
Registered in 0.005210 seconds.
Begin MonoManager ReloadAssembly
Native extension for OSXStandalone target not found
Native extension for WebGL target not found
Refreshing native plugins compatible for Editor in 0.28 ms, found 2 plugins.
Preloading 0 native plugins for Editor in 0.00 ms.
Mono: successfully reloaded assembly
- Completed reload, in  1.136 seconds
Platform modules already initialized, skipping
Refreshing native plugins compatible for Editor in 0.36 ms, found 2 plugins.
Preloading 0 native plugins for Editor in 0.00 ms.
Unloading 1386 Unused Serialized files (Serialized files now loaded: 0)
System memory in use before: 173.9 MB.
System memory in use after: 174.0 MB.

Unloading 14 unused Assets to reduce memory usage. Loaded Objects now: 1890.
Total: 1.486841 ms (FindLiveObjects: 0.121112 ms CreateObjectMapping: 0.032466 ms MarkObjects: 1.285118 ms  DeleteObjects: 0.046959 ms)

AssetImportParameters requested are different than current active one (requested -> active):
  custom:video-decoder-ogg-theora: a1e56fd34408186e4bbccfd4996cb3dc -> 
  custom:container-muxer-webm: aa71ff27fc2769a1b78a27578f13a17b -> 
  custom:container-demuxer-webm: 4f35f7cbe854078d1ac9338744f61a02 -> 
  custom:container-demuxer-ogg: 62fdf1f143b41e24485cea50d1cbac27 -> 
  custom:video-encoder-webm-vp8: eb34c28f22e8b96e1ab97ce403110664 -> 
  custom:framework-osx-AVFoundation: e770b220cccbd017edd2c1fefb359320 -> 
  custom:video-decoder-webm-vp8: 9c59270c3fd7afecdb556c50c9e8de78 -> 
  custom:audio-decoder-ogg-vorbis: bf7c407c2cedff20999df2af8eb42d56 -> 
  custom:audio-encoder-webm-vorbis: bf7c407c2cedff20999df2af8eb42d56 -> 
========================================================================
Received Prepare
Registering precompiled user dll's ...
Registered in 0.004739 seconds.
Begin MonoManager ReloadAssembly
Native extension for OSXStandalone target not found
Native extension for WebGL target not found
Refreshing native plugins compatible for Editor in 0.27 ms, found 2 plugins.
Preloading 0 native plugins for Editor in 0.00 ms.
Mono: successfully reloaded assembly
- Completed reload, in  1.115 seconds
Platform modules already initialized, skipping
Refreshing native plugins compatible for Editor in 0.33 ms, found 2 plugins.
Preloading 0 native plugins for Editor in 0.00 ms.
Unloading 1386 Unused Serialized files (Serialized files now loaded: 0)
System memory in use before: 174.1 MB.
System memory in use after: 174.2 MB.

Unloading 14 unused Assets to reduce memory usage. Loaded Objects now: 1893.
Total: 1.958029 ms (FindLiveObjects: 0.135302 ms CreateObjectMapping: 0.034582 ms MarkObjects: 1.725747 ms  DeleteObjects: 0.061199 ms)

AssetImportParameters requested are different than current active one (requested -> active):
  custom:video-decoder-ogg-theora: a1e56fd34408186e4bbccfd4996cb3dc -> 
  custom:container-muxer-webm: aa71ff27fc2769a1b78a27578f13a17b -> 
  custom:container-demuxer-webm: 4f35f7cbe854078d1ac9338744f61a02 -> 
  custom:container-demuxer-ogg: 62fdf1f143b41e24485cea50d1cbac27 -> 
  custom:video-encoder-webm-vp8: eb34c28f22e8b96e1ab97ce403110664 -> 
  custom:framework-osx-AVFoundation: e770b220cccbd017edd2c1fefb359320 -> 
  custom:video-decoder-webm-vp8: 9c59270c3fd7afecdb556c50c9e8de78 -> 
  custom:audio-decoder-ogg-vorbis: bf7c407c2cedff20999df2af8eb42d56 -> 
  custom:audio-encoder-webm-vorbis: bf7c407c2cedff20999df2af8eb42d56 -> 
========================================================================
Received Import Request.
  Time since last request: 461.459693 seconds.
  path: Assets/car.cs
  artifactKey: Guid(ab39138bb50b740f4b42cafb6440ec6f) Importer(815301076,1909f56bfc062723c751e8b465ee728b)
Start importing Assets/car.cs using Guid(ab39138bb50b740f4b42cafb6440ec6f) Importer(815301076,1909f56bfc062723c751e8b465ee728b)  -> (artifact id: '51029563f5b38531ebfb9ca71cef971e') in 0.004077 seconds 
  Import took 0.007891 seconds .

========================================================================
Received Import Request.
  Time since last request: 0.033442 seconds.
  path: Assets/car.cs
  artifactKey: Guid(ab39138bb50b740f4b42cafb6440ec6f) Importer(815301076,1909f56bfc062723c751e8b465ee728b)
Start importing Assets/car.cs using Guid(ab39138bb50b740f4b42cafb6440ec6f) Importer(815301076,1909f56bfc062723c751e8b465ee728b)  -> (artifact id: '51029563f5b38531ebfb9ca71cef971e') in 0.001701 seconds 
  Import took 0.005076 seconds .

========================================================================
Received Prepare
Registering precompiled user dll's ...
Registered in 0.004873 seconds.
Begin MonoManager ReloadAssembly
Native extension for OSXStandalone target not found
Native extension for WebGL target not found
Refreshing native plugins compatible for Editor in 0.28 ms, found 2 plugins.
Preloading 0 native plugins for Editor in 0.00 ms.
Mono: successfully reloaded assembly
- Completed reload, in  1.173 seconds
Platform modules already initialized, skipping
Refreshing native plugins compatible for Editor in 0.28 ms, found 2 plugins.
Preloading 0 native plugins for Editor in 0.00 ms.
Unloading 1386 Unused Serialized files (Serialized files now loaded: 0)
System memory in use before: 174.3 MB.
System memory in use after: 174.4 MB.

Unloading 14 unused Assets to reduce memory usage. Loaded Objects now: 1896.
Total: 2.272690 ms (FindLiveObjects: 0.142481 ms CreateObjectMapping: 0.038659 ms MarkObjects: 2.018166 ms  DeleteObjects: 0.071996 ms)

AssetImportParameters requested are different than current active one (requested -> active):
  custom:video-decoder-ogg-theora: a1e56fd34408186e4bbccfd4996cb3dc -> 
  custom:container-muxer-webm: aa71ff27fc2769a1b78a27578f13a17b -> 
  custom:container-demuxer-webm: 4f35f7cbe854078d1ac9338744f61a02 -> 
  custom:container-demuxer-ogg: 62fdf1f143b41e24485cea50d1cbac27 -> 
  custom:video-encoder-webm-vp8: eb34c28f22e8b96e1ab97ce403110664 -> 
  custom:framework-osx-AVFoundation: e770b220cccbd017edd2c1fefb359320 -> 
  custom:video-decoder-webm-vp8: 9c59270c3fd7afecdb556c50c9e8de78 -> 
  custom:audio-decoder-ogg-vorbis: bf7c407c2cedff20999df2af8eb42d56 -> 
  custom:audio-encoder-webm-vorbis: bf7c407c2cedff20999df2af8eb42d56 -> 
========================================================================
Received Prepare
Registering precompiled user dll's ...
Registered in 0.005481 seconds.
Begin MonoManager ReloadAssembly
Native extension for OSXStandalone target not found
Native extension for WebGL target not found
Refreshing native plugins compatible for Editor in 0.46 ms, found 2 plugins.
Preloading 0 native plugins for Editor in 0.00 ms.
Mono: successfully reloaded assembly
- Completed reload, in  1.166 seconds
Platform modules already initialized, skipping
Refreshing native plugins compatible for Editor in 0.30 ms, found 2 plugins.
Preloading 0 native plugins for Editor in 0.00 ms.
Unloading 1386 Unused Serialized files (Serialized files now loaded: 0)
System memory in use before: 174.5 MB.
System memory in use after: 174.6 MB.

Unloading 14 unused Assets to reduce memory usage. Loaded Objects now: 1899.
Total: 1.636389 ms (FindLiveObjects: 0.134290 ms CreateObjectMapping: 0.036630 ms MarkObjects: 1.412098 ms  DeleteObjects: 0.052514 ms)

AssetImportParameters requested are different than current active one (requested -> active):
  custom:video-decoder-ogg-theora: a1e56fd34408186e4bbccfd4996cb3dc -> 
  custom:container-muxer-webm: aa71ff27fc2769a1b78a27578f13a17b -> 
  custom:container-demuxer-webm: 4f35f7cbe854078d1ac9338744f61a02 -> 
  custom:container-demuxer-ogg: 62fdf1f143b41e24485cea50d1cbac27 -> 
  custom:video-encoder-webm-vp8: eb34c28f22e8b96e1ab97ce403110664 -> 
  custom:framework-osx-AVFoundation: e770b220cccbd017edd2c1fefb359320 -> 
  custom:video-decoder-webm-vp8: 9c59270c3fd7afecdb556c50c9e8de78 -> 
  custom:audio-decoder-ogg-vorbis: bf7c407c2cedff20999df2af8eb42d56 -> 
  custom:audio-encoder-webm-vorbis: bf7c407c2cedff20999df2af8eb42d56 -> 
========================================================================
Received Import Request.
  Time since last request: 314.363159 seconds.
  path: Assets/car.cs
  artifactKey: Guid(ab39138bb50b740f4b42cafb6440ec6f) Importer(815301076,1909f56bfc062723c751e8b465ee728b)
Start importing Assets/car.cs using Guid(ab39138bb50b740f4b42cafb6440ec6f) Importer(815301076,1909f56bfc062723c751e8b465ee728b)  -> (artifact id: 'c30b9fb86bf51f9630cb247cd71cb843') in 0.004000 seconds 
  Import took 0.007338 seconds .

AssetImportWorkerClient::OnTransportError - code=2 error=End of file
